Codificacao/app/build/intermediates/manifest_merge_blame_file/debug/manifest-merger-blame-debug-report.txt
1<?xml version="1.0" encoding="utf-8"?>
2<manifest xmlns:android="http://schemas.android.com/apk/res/android"
3    package="com.megadev.easylist"
4    android:versionCode="1"
5    android:versionName="1.0" >
6
7    <uses-sdk
8        android:minSdkVersion="23"
8-->src\main\AndroidManifest.xml
9        android:targetSdkVersion="28" />
9-->src\main\AndroidManifest.xml
10
11    <uses-permission android:name="android.permission.INTERNET" />
11-->src\main\AndroidManifest.xml:5:5-67
11-->src\main\AndroidManifest.xml:5:22-64
12    <uses-permission android:name="android.permission.ACCESS_NETWORK_STATE" />
12-->[com.google.android.gms:play-services-measurement-api:17.0.0] AndroidManifest.xml:23:5-79
12-->[com.google.android.gms:play-services-measurement-api:17.0.0] AndroidManifest.xml:23:22-76
13    <uses-permission android:name="android.permission.WAKE_LOCK" /> <!-- Required by older versions of Google Play services to create IID tokens -->
13-->[com.google.android.gms:play-services-measurement-api:17.0.0] AndroidManifest.xml:24:5-68
13-->[com.google.android.gms:play-services-measurement-api:17.0.0] AndroidManifest.xml:24:22-65
14    <uses-permission android:name="com.google.android.c2dm.permission.RECEIVE" />
14-->[com.google.firebase:firebase-iid:19.0.0] AndroidManifest.xml:26:5-82
14-->[com.google.firebase:firebase-iid:19.0.0] AndroidManifest.xml:26:22-79
15    <uses-permission android:name="com.google.android.finsky.permission.BIND_GET_INSTALL_REFERRER_SERVICE" />
15-->[com.google.android.gms:play-services-measurement:17.0.0] AndroidManifest.xml:26:5-110
15-->[com.google.android.gms:play-services-measurement:17.0.0] AndroidManifest.xml:26:22-107
16
17    <application
17-->src\main\AndroidManifest.xml:7:5-36:19
18        android:allowBackup="true"
18-->src\main\AndroidManifest.xml:8:9-35
19        android:appComponentFactory="androidx.core.app.CoreComponentFactory"
19-->[androidx.core:core:1.0.0] AndroidManifest.xml:22:18-86
20        android:debuggable="true"
21        android:icon="@mipmap/ic_launcher"
21-->src\main\AndroidManifest.xml:9:9-43
22        android:label="@string/app_name"
22-->src\main\AndroidManifest.xml:10:9-41
23        android:roundIcon="@mipmap/ic_launcher_round"
23-->src\main\AndroidManifest.xml:11:9-54
24        android:supportsRtl="true"
24-->src\main\AndroidManifest.xml:12:9-35
25        android:testOnly="true"
26        android:theme="@style/AppTheme.NoActionBar" >
26-->src\main\AndroidManifest.xml:13:9-52
27        <activity
27-->src\main\AndroidManifest.xml:14:9-22:20
28            android:name="com.megadev.easylist.activity.main.LoginActivity"
28-->src\main\AndroidManifest.xml:14:19-62
29            android:label="EasyList"
29-->src\main\AndroidManifest.xml:15:13-37
30            android:theme="@style/AppTheme.NoActionBar" >
30-->src\main\AndroidManifest.xml:16:13-56
31            <intent-filter>
31-->src\main\AndroidManifest.xml:17:13-21:29
32                <action android:name="android.intent.action.MAIN" />
32-->src\main\AndroidManifest.xml:18:17-69
32-->src\main\AndroidManifest.xml:18:25-66
33
34                <category android:name="android.intent.category.LAUNCHER" />
34-->src\main\AndroidManifest.xml:20:17-77
34-->src\main\AndroidManifest.xml:20:27-74
35            </intent-filter>
36        </activity>
37        <activity
37-->src\main\AndroidManifest.xml:23:9-26:20
38            android:name="com.megadev.easylist.activity.main.MainActivity"
38-->src\main\AndroidManifest.xml:24:13-55
39            android:theme="@style/AppTheme.NoActionBar" >
39-->src\main\AndroidManifest.xml:25:13-56
40        </activity>
41        <activity
41-->src\main\AndroidManifest.xml:27:9-29:59
42            android:name="com.megadev.easylist.activity.main.NewProductActivity"
42-->src\main\AndroidManifest.xml:28:13-61
43            android:theme="@style/AppTheme.NoActionBar" />
43-->src\main\AndroidManifest.xml:29:13-56
44        <activity
44-->src\main\AndroidManifest.xml:30:9-32:59
45            android:name="com.megadev.easylist.activity.main.NewListActivity"
45-->src\main\AndroidManifest.xml:31:13-58
46            android:theme="@style/AppTheme.NoActionBar" />
46-->src\main\AndroidManifest.xml:32:13-56
47        <activity
47-->src\main\AndroidManifest.xml:33:9-35:59
48            android:name="com.megadev.easylist.activity.main.MainListActivity"
48-->src\main\AndroidManifest.xml:34:13-59
49            android:theme="@style/AppTheme.NoActionBar" />
49-->src\main\AndroidManifest.xml:35:13-56
50        <activity
50-->[com.google.firebase:firebase-auth:19.0.0] AndroidManifest.xml:24:9-31:50
51            android:name="com.google.firebase.auth.internal.FederatedSignInActivity"
51-->[com.google.firebase:firebase-auth:19.0.0] AndroidManifest.xml:25:13-85
52            android:excludeFromRecents="true"
52-->[com.google.firebase:firebase-auth:19.0.0] AndroidManifest.xml:26:13-46
53            android:exported="true"
53-->[com.google.firebase:firebase-auth:19.0.0] AndroidManifest.xml:27:13-36
54            android:launchMode="singleTask"
54-->[com.google.firebase:firebase-auth:19.0.0] AndroidManifest.xml:28:13-44
55            android:permission="com.google.firebase.auth.api.gms.permission.LAUNCH_FEDERATED_SIGN_IN"
55-->[com.google.firebase:firebase-auth:19.0.0] AndroidManifest.xml:29:13-102
56            android:theme="@android:style/Theme.Translucent.NoTitleBar" />
56-->[com.google.firebase:firebase-auth:19.0.0] AndroidManifest.xml:30:13-72
57
58        <service
58-->[com.google.firebase:firebase-auth:19.0.0] AndroidManifest.xml:33:9-39:19
59            android:name="com.google.firebase.components.ComponentDiscoveryService"
59-->[com.google.firebase:firebase-auth:19.0.0] AndroidManifest.xml:34:13-84
60            android:exported="false" >
60-->[com.google.firebase:firebase-auth:19.0.0] AndroidManifest.xml:35:13-37
61            <meta-data
61-->[com.google.firebase:firebase-auth:19.0.0] AndroidManifest.xml:36:13-38:85
62                android:name="com.google.firebase.components:com.google.firebase.auth.FirebaseAuthRegistrar"
62-->[com.google.firebase:firebase-auth:19.0.0] AndroidManifest.xml:37:17-109
63                android:value="com.google.firebase.components.ComponentRegistrar" />
63-->[com.google.firebase:firebase-auth:19.0.0] AndroidManifest.xml:38:17-82
64            <meta-data
64-->[com.google.android.gms:play-services-measurement-api:17.0.0] AndroidManifest.xml:30:13-32:85
65                android:name="com.google.firebase.components:com.google.firebase.analytics.connector.internal.AnalyticsConnectorRegistrar"
65-->[com.google.android.gms:play-services-measurement-api:17.0.0] AndroidManifest.xml:31:17-139
66                android:value="com.google.firebase.components.ComponentRegistrar" />
66-->[com.google.android.gms:play-services-measurement-api:17.0.0] AndroidManifest.xml:32:17-82
67            <meta-data
67-->[com.google.firebase:firebase-iid:19.0.0] AndroidManifest.xml:32:13-34:85
68                android:name="com.google.firebase.components:com.google.firebase.iid.Registrar"
68-->[com.google.firebase:firebase-iid:19.0.0] AndroidManifest.xml:33:17-96
69                android:value="com.google.firebase.components.ComponentRegistrar" />
69-->[com.google.firebase:firebase-iid:19.0.0] AndroidManifest.xml:34:17-82
70        </service>
71
72        <activity
72-->[com.google.android.gms:play-services-auth:17.0.0] AndroidManifest.xml:23:9-27:75
73            android:name="com.google.android.gms.auth.api.signin.internal.SignInHubActivity"
73-->[com.google.android.gms:play-services-auth:17.0.0] AndroidManifest.xml:24:13-93
74            android:excludeFromRecents="true"
74-->[com.google.android.gms:play-services-auth:17.0.0] AndroidManifest.xml:25:13-46
75            android:exported="false"
75-->[com.google.android.gms:play-services-auth:17.0.0] AndroidManifest.xml:26:13-37
76            android:theme="@android:style/Theme.Translucent.NoTitleBar" />
76-->[com.google.android.gms:play-services-auth:17.0.0] AndroidManifest.xml:27:13-72
77        <!--
78            Service handling Google Sign-In user revocation. For apps that do not integrate with
79            Google Sign-In, this service will never be started.
80        -->
81        <service
81-->[com.google.android.gms:play-services-auth:17.0.0] AndroidManifest.xml:33:9-36:110
82            android:name="com.google.android.gms.auth.api.signin.RevocationBoundService"
82-->[com.google.android.gms:play-services-auth:17.0.0] AndroidManifest.xml:34:13-89
83            android:exported="true"
83-->[com.google.android.gms:play-services-auth:17.0.0] AndroidManifest.xml:35:13-36
84            android:permission="com.google.android.gms.auth.api.signin.permission.REVOCATION_NOTIFICATION" />
84-->[com.google.android.gms:play-services-auth:17.0.0] AndroidManifest.xml:36:13-107
85
86        <receiver
86-->[com.google.firebase:firebase-iid:19.0.0] AndroidManifest.xml:37:9-44:20
87            android:name="com.google.firebase.iid.FirebaseInstanceIdReceiver"
87-->[com.google.firebase:firebase-iid:19.0.0] AndroidManifest.xml:38:13-78
88            android:exported="true"
88-->[com.google.firebase:firebase-iid:19.0.0] AndroidManifest.xml:39:13-36
89            android:permission="com.google.android.c2dm.permission.SEND" >
89-->[com.google.firebase:firebase-iid:19.0.0] AndroidManifest.xml:40:13-73
90            <intent-filter>
90-->[com.google.firebase:firebase-iid:19.0.0] AndroidManifest.xml:41:13-43:29
91                <action android:name="com.google.android.c2dm.intent.RECEIVE" />
91-->[com.google.firebase:firebase-iid:19.0.0] AndroidManifest.xml:42:17-81
91-->[com.google.firebase:firebase-iid:19.0.0] AndroidManifest.xml:42:25-78
92            </intent-filter>
93        </receiver>
94
95        <activity
95-->[com.google.android.gms:play-services-base:17.1.0] AndroidManifest.xml:23:9-26:75
96            android:name="com.google.android.gms.common.api.GoogleApiActivity"
96-->[com.google.android.gms:play-services-base:17.1.0] AndroidManifest.xml:24:13-79
97            android:exported="false"
97-->[com.google.android.gms:play-services-base:17.1.0] AndroidManifest.xml:25:13-37
98            android:theme="@android:style/Theme.Translucent.NoTitleBar" />
98-->[com.google.android.gms:play-services-base:17.1.0] AndroidManifest.xml:26:13-72
99
100        <provider
100-->[com.google.firebase:firebase-common:19.0.0] AndroidManifest.xml:12:9-16:39
101            android:name="com.google.firebase.provider.FirebaseInitProvider"
101-->[com.google.firebase:firebase-common:19.0.0] AndroidManifest.xml:13:13-77
102            android:authorities="com.megadev.easylist.firebaseinitprovider"
102-->[com.google.firebase:firebase-common:19.0.0] AndroidManifest.xml:14:13-72
103            android:exported="false"
103-->[com.google.firebase:firebase-common:19.0.0] AndroidManifest.xml:15:13-37
104            android:initOrder="100" />
104-->[com.google.firebase:firebase-common:19.0.0] AndroidManifest.xml:16:13-36
105
106        <receiver
106-->[com.google.android.gms:play-services-measurement:17.0.0] AndroidManifest.xml:29:9-33:20
107            android:name="com.google.android.gms.measurement.AppMeasurementReceiver"
107-->[com.google.android.gms:play-services-measurement:17.0.0] AndroidManifest.xml:30:13-85
108            android:enabled="true"
108-->[com.google.android.gms:play-services-measurement:17.0.0] AndroidManifest.xml:31:13-35
109            android:exported="false" >
109-->[com.google.android.gms:play-services-measurement:17.0.0] AndroidManifest.xml:32:13-37
110        </receiver>
111        <receiver
111-->[com.google.android.gms:play-services-measurement:17.0.0] AndroidManifest.xml:34:9-42:20
112            android:name="com.google.android.gms.measurement.AppMeasurementInstallReferrerReceiver"
112-->[com.google.android.gms:play-services-measurement:17.0.0] AndroidManifest.xml:35:13-100
113            android:enabled="true"
113-->[com.google.android.gms:play-services-measurement:17.0.0] AndroidManifest.xml:36:13-35
114            android:exported="true"
114-->[com.google.android.gms:play-services-measurement:17.0.0] AndroidManifest.xml:37:13-36
115            android:permission="android.permission.INSTALL_PACKAGES" >
115-->[com.google.android.gms:play-services-measurement:17.0.0] AndroidManifest.xml:38:13-69
116            <intent-filter>
116-->[com.google.android.gms:play-services-measurement:17.0.0] AndroidManifest.xml:39:13-41:29
117                <action android:name="com.android.vending.INSTALL_REFERRER" />
117-->[com.google.android.gms:play-services-measurement:17.0.0] AndroidManifest.xml:40:17-79
117-->[com.google.android.gms:play-services-measurement:17.0.0] AndroidManifest.xml:40:25-76
118            </intent-filter>
119        </receiver>
120
121        <service
121-->[com.google.android.gms:play-services-measurement:17.0.0] AndroidManifest.xml:44:9-47:40
122            android:name="com.google.android.gms.measurement.AppMeasurementService"
122-->[com.google.android.gms:play-services-measurement:17.0.0] AndroidManifest.xml:45:13-84
123            android:enabled="true"
123-->[com.google.android.gms:play-services-measurement:17.0.0] AndroidManifest.xml:46:13-35
124            android:exported="false" />
124-->[com.google.android.gms:play-services-measurement:17.0.0] AndroidManifest.xml:47:13-37
125        <service
125-->[com.google.android.gms:play-services-measurement:17.0.0] AndroidManifest.xml:48:9-52:72
126            android:name="com.google.android.gms.measurement.AppMeasurementJobService"
126-->[com.google.android.gms:play-services-measurement:17.0.0] AndroidManifest.xml:49:13-87
127            android:enabled="true"
127-->[com.google.android.gms:play-services-measurement:17.0.0] AndroidManifest.xml:50:13-35
128            android:exported="false"
128-->[com.google.android.gms:play-services-measurement:17.0.0] AndroidManifest.xml:51:13-37
129            android:permission="android.permission.BIND_JOB_SERVICE" />
129-->[com.google.android.gms:play-services-measurement:17.0.0] AndroidManifest.xml:52:13-69
130
131        <meta-data
131-->[com.google.android.gms:play-services-basement:17.0.0] AndroidManifest.xml:23:9-25:69
132            android:name="com.google.android.gms.version"
132-->[com.google.android.gms:play-services-basement:17.0.0] AndroidManifest.xml:24:13-58
133            android:value="@integer/google_play_services_version" />
133-->[com.google.android.gms:play-services-basement:17.0.0] AndroidManifest.xml:25:13-66
134
135        <provider
135-->[androidx.lifecycle:lifecycle-process:2.0.0] AndroidManifest.xml:23:9-27:43
136            android:name="androidx.lifecycle.ProcessLifecycleOwnerInitializer"
136-->[androidx.lifecycle:lifecycle-process:2.0.0] AndroidManifest.xml:24:13-79
137            android:authorities="com.megadev.easylist.lifecycle-process"
137-->[androidx.lifecycle:lifecycle-process:2.0.0] AndroidManifest.xml:25:13-69
138            android:exported="false"
138-->[androidx.lifecycle:lifecycle-process:2.0.0] AndroidManifest.xml:26:13-37
139            android:multiprocess="true" />
139-->[androidx.lifecycle:lifecycle-process:2.0.0] AndroidManifest.xml:27:13-40
140    </application>
141
142</manifest>